<?xml version="1.0" encoding="UTF-8"?>
<!-- Generated by org.testng.reporters.JUnitXMLReporter -->
<testsuite ignored="0" hostname="Gauravs-MacBook-Air.local" failures="0" tests="6" name="Default test" time="12.804" errors="0" timestamp="2025-06-25T19:47:36 IST">
  <testcase classname="api.test.DDTests" name="testPostuser" time="2.632"/>
  <testcase classname="api.test.DDTests" name="testPostuser" time="1.941"/>
  <testcase classname="api.test.DDTests" name="testPostuser" time="2.026"/>
  <testcase classname="api.test.DDTests" name="testDeleteUserByName" time="1.688"/>
  <testcase classname="api.test.DDTests" name="testDeleteUserByName" time="1.944"/>
  <testcase classname="api.test.DDTests" name="testDeleteUserByName" time="2.041"/>
</testsuite> <!-- Default test -->
