<?xml version="1.0" encoding="UTF-8"?>
<!-- Generated by org.testng.reporters.JUnitXMLReporter -->
<testsuite ignored="0" hostname="Gauravs-MacBook-Air.local" failures="0" tests="4" name="PetTests" time="16.397" errors="0" timestamp="2025-06-26T08:23:28 IST">
  <testcase classname="api.test.UserTests2" name="testPostUser" time="2.963"/>
  <testcase classname="api.test.UserTests2" name="testGetUserByName" time="2.089"/>
  <testcase classname="api.test.UserTests2" name="testUpdateUserByName" time="3.679"/>
  <testcase classname="api.test.UserTests2" name="testDeleteUserByName" time="2.146"/>
</testsuite> <!-- PetTests -->
